<?xml version="1.0" encoding="UTF-8"?>
<!-- Generated by org.testng.reporters.JUnitXMLReporter -->
<testsuite hostname="NLLR4000510436" ignored="0" name="Default test" tests="2" failures="0" timestamp="2019-11-18T08:31:04 CET" time="87.186" errors="0">
  <testcase name="testSearchandAddProductToCart" time="22.962" classname="org.Com.Qa.PageTest.ShopingCartPageTest"/>
  <testcase name="testSearchandAddProductToCart" time="23.172" classname="org.Com.Qa.PageTest.ShopingCartPageTest"/>
</testsuite> <!-- Default test -->
