<?xml version="1.0" encoding="UTF-8"?>
<!-- Generated by org.testng.reporters.JUnitXMLReporter -->
<testsuite hostname="NLLR4000510436" ignored="2" name="Default test" tests="1" failures="0" timestamp="2019-11-18T11:14:53 CET" time="32.838" errors="0">
  <testcase name="testSignOut" time="7.019" classname="org.Com.Qa.PageTest.SigninPageTest"/>
  <testcase name="testLoginNegetiveCases" time="0.0" classname="org.Com.Qa.PageTest.SigninPageTest">
    <ignored/>
  </testcase> <!-- testLoginNegetiveCases -->
  <testcase name="testLogin" time="0.0" classname="org.Com.Qa.PageTest.SigninPageTest">
    <ignored/>
  </testcase> <!-- testLogin -->
</testsuite> <!-- Default test -->
