<?xml version="1.0" encoding="UTF-8"?>
<!-- Generated by org.testng.reporters.JUnitXMLReporter -->
<testsuite hostname="NLLR4000510436" ignored="0" name="Test" tests="11" failures="0" timestamp="2019-11-18T09:45:52 CET" time="302.971" errors="0">
  <testcase name="testTitle" time="0.046" classname="org.Com.Qa.PageTest.HomePageTest"/>
  <testcase name="testlogo" time="0.137" classname="org.Com.Qa.PageTest.HomePageTest"/>
  <testcase name="testSignInRegisterNewUserNegtiveCases" time="6.564" classname="org.Com.Qa.PageTest.RegisterPageTest"/>
  <testcase name="testRegisterNewUserNegetiveCases" time="9.654" classname="org.Com.Qa.PageTest.RegisterPageTest"/>
  <testcase name="testMissMatchPassword" time="7.09" classname="org.Com.Qa.PageTest.RegisterPageTest"/>
  <testcase name="testMissMatchPassword" time="7.165" classname="org.Com.Qa.PageTest.RegisterPageTest"/>
  <testcase name="testCreateNewUser" time="8.377" classname="org.Com.Qa.PageTest.RegisterPageTest"/>
  <testcase name="testLoginNegetiveCases" time="4.552" classname="org.Com.Qa.PageTest.SigninPageTest"/>
  <testcase name="testLogin" time="5.779" classname="org.Com.Qa.PageTest.SigninPageTest"/>
  <testcase name="testSearchandAddProductToCart" time="25.755" classname="org.Com.Qa.PageTest.ShopingCartPageTest"/>
  <testcase name="testSearchandAddProductToCart" time="24.343" classname="org.Com.Qa.PageTest.ShopingCartPageTest"/>
</testsuite> <!-- Test -->
