<?xml version="1.0" encoding="UTF-8"?>
<testng-results skipped="0" failed="0" ignored="2" total="3" passed="1">
  <reporter-output>
  </reporter-output>
  <suite name="Default suite" duration-ms="32838" started-at="2019-11-18T11:14:20 CET" finished-at="2019-11-18T11:14:53 CET">
    <groups>
    </groups>
    <test name="Default test" duration-ms="32838" started-at="2019-11-18T11:14:20 CET" finished-at="2019-11-18T11:14:53 CET">
      <class name="org.Com.Qa.PageTest.SigninPageTest">
        <test-method status="PASS" signature="testSetUp()[pri:0, instance:org.Com.Qa.PageTest.SigninPageTest@34cd072c]" name="testSetUp" is-config="true" duration-ms="23771" started-at="2019-11-18T11:14:20 CET" finished-at="2019-11-18T11:14:44 CET">
          <reporter-output>
          </reporter-output>
        </test-method> <!-- testSetUp -->
        <test-method status="PASS" signature="testSignOut()[pri:0, instance:org.Com.Qa.PageTest.SigninPageTest@34cd072c]" name="testSignOut" duration-ms="7019" started-at="2019-11-18T11:14:44 CET" finished-at="2019-11-18T11:14:51 CET">
          <reporter-output>
          </reporter-output>
        </test-method> <!-- testSignOut -->
        <test-method status="PASS" signature="teardown()[pri:0, instance:org.Com.Qa.PageTest.SigninPageTest@34cd072c]" name="teardown" is-config="true" duration-ms="1961" started-at="2019-11-18T11:14:51 CET" finished-at="2019-11-18T11:14:53 CET">
          <reporter-output>
          </reporter-output>
        </test-method> <!-- teardown -->
      </class> <!-- org.Com.Qa.PageTest.SigninPageTest -->
    </test> <!-- Default test -->
  </suite> <!-- Default suite -->
</testng-results>
